<?xml version="1.0" encoding="UTF-8"?>
<!-- Generated by org.testng.reporters.JUnitReportReporter -->
<testsuite hostname="DESKTOP-SFAESM4" failures="0" tests="1" name="sampleGrid.AmazonEdge" time="181.675" errors="1" timestamp="2022-04-19T12:17:43 IST" skipped="0">
  <testcase classname="sampleGrid.AmazonEdge" name="amazon" time="181.675">
    <error message="Could not start a new session. Possible causes are invalid address of the remote server or browser start-up failure.
Build info: version: &#039;4.1.3&#039;, revision: &#039;7b1ebf28ef&#039;
System info: host: &#039;DESKTOP-SFAESM4&#039;, ip: &#039;192.168.29.10&#039;, os.name: &#039;Windows 10&#039;, os.arch: &#039;amd64&#039;, os.version: &#039;10.0&#039;, java.version: &#039;11.0.12&#039;
Driver info: org.openqa.selenium.remote.RemoteWebDriver
Command: [null, newSession {capabilities=[Capabilities {browserName: MicrosoftEdge, ms:edgeOptions: {args: [], extensions: []}}], desiredCapabilities=Capabilities {browser: Edge, browserName: MicrosoftEdge, ms:edgeOptions: {args: [], extensions: []}}}]
Capabilities {}" type="org.openqa.selenium.SessionNotCreatedException">
      <![CDATA[org.openqa.selenium.SessionNotCreatedException: Could not start a new session. Possible causes are invalid address of the remote server or browser start-up failure.
Build info: version: '4.1.3', revision: '7b1ebf28ef'
System info: host: 'DESKTOP-SFAESM4', ip: '192.168.29.10', os.name: 'Windows 10', os.arch: 'amd64', os.version: '10.0', java.version: '11.0.12'
Driver info: org.openqa.selenium.remote.RemoteWebDriver
Command: [null, newSession {capabilities=[Capabilities {browserName: MicrosoftEdge, ms:edgeOptions: {args: [], extensions: []}}], desiredCapabilities=Capabilities {browser: Edge, browserName: MicrosoftEdge, ms:edgeOptions: {args: [], extensions: []}}}]
Capabilities {}
at org.openqa.selenium.remote.RemoteWebDriver.execute(RemoteWebDriver.java:585)
at org.openqa.selenium.remote.RemoteWebDriver.startSession(RemoteWebDriver.java:248)
at org.openqa.selenium.remote.RemoteWebDriver.<init>(RemoteWebDriver.java:164)
at org.openqa.selenium.remote.RemoteWebDriver.<init>(RemoteWebDriver.java:146)
at sampleGrid.AmazonEdge.amazon(AmazonEdge.java:28)
at java.base/jdk.internal.reflect.NativeMethodAccessorImpl.invoke0(Native Method)
at java.base/jdk.internal.reflect.NativeMethodAccessorImpl.invoke(NativeMethodAccessorImpl.java:62)
at java.base/jdk.internal.reflect.DelegatingMethodAccessorImpl.invoke(DelegatingMethodAccessorImpl.java:43)
at java.base/java.lang.reflect.Method.invoke(Method.java:566)
at org.testng.internal.MethodInvocationHelper.invokeMethod(MethodInvocationHelper.java:133)
at org.testng.internal.TestInvoker.invokeMethod(TestInvoker.java:598)
at org.testng.internal.TestInvoker.invokeTestMethod(TestInvoker.java:173)
at org.testng.internal.MethodRunner.runInSequence(MethodRunner.java:46)
at org.testng.internal.TestInvoker$MethodInvocationAgent.invoke(TestInvoker.java:824)
at org.testng.internal.TestInvoker.invokeTestMethods(TestInvoker.java:146)
at org.testng.internal.TestMethodWorker.invokeTestMethods(TestMethodWorker.java:146)
at org.testng.internal.TestMethodWorker.run(TestMethodWorker.java:128)
at java.base/java.util.ArrayList.forEach(ArrayList.java:1541)
at org.testng.TestRunner.privateRun(TestRunner.java:794)
at org.testng.TestRunner.run(TestRunner.java:596)
at org.testng.SuiteRunner.runTest(SuiteRunner.java:377)
at org.testng.SuiteRunner.runSequentially(SuiteRunner.java:371)
at org.testng.SuiteRunner.privateRun(SuiteRunner.java:332)
at org.testng.SuiteRunner.run(SuiteRunner.java:276)
at org.testng.SuiteRunnerWorker.runSuite(SuiteRunnerWorker.java:53)
at org.testng.SuiteRunnerWorker.run(SuiteRunnerWorker.java:96)
at org.testng.TestNG.runSuitesSequentially(TestNG.java:1212)
at org.testng.TestNG.runSuitesLocally(TestNG.java:1134)
at org.testng.TestNG.runSuites(TestNG.java:1063)
at org.testng.TestNG.run(TestNG.java:1031)
at org.testng.remote.AbstractRemoteTestNG.run(AbstractRemoteTestNG.java:115)
at org.testng.remote.RemoteTestNG.initAndRun(RemoteTestNG.java:251)
at org.testng.remote.RemoteTestNG.main(RemoteTestNG.java:77)
Caused by: java.lang.RuntimeException: NettyHttpHandler request execution error
at org.openqa.selenium.remote.http.netty.NettyHttpHandler.makeCall(NettyHttpHandler.java:83)
at org.openqa.selenium.remote.http.AddSeleniumUserAgent.lambda$apply$0(AddSeleniumUserAgent.java:42)
at org.openqa.selenium.remote.http.Filter.lambda$andFinally$1(Filter.java:56)
at org.openqa.selenium.remote.http.netty.NettyHttpHandler.execute(NettyHttpHandler.java:51)
at org.openqa.selenium.remote.http.AddSeleniumUserAgent.lambda$apply$0(AddSeleniumUserAgent.java:42)
at org.openqa.selenium.remote.http.Filter.lambda$andFinally$1(Filter.java:56)
at org.openqa.selenium.remote.http.netty.NettyClient.execute(NettyClient.java:124)
at org.openqa.selenium.remote.tracing.TracedHttpClient.execute(TracedHttpClient.java:55)
at org.openqa.selenium.remote.ProtocolHandshake.createSession(ProtocolHandshake.java:102)
at org.openqa.selenium.remote.ProtocolHandshake.createSession(ProtocolHandshake.java:84)
at org.openqa.selenium.remote.ProtocolHandshake.createSession(ProtocolHandshake.java:62)
at org.openqa.selenium.remote.HttpCommandExecutor.execute(HttpCommandExecutor.java:156)
at org.openqa.selenium.remote.TracedCommandExecutor.execute(TracedCommandExecutor.java:51)
at org.openqa.selenium.remote.RemoteWebDriver.execute(RemoteWebDriver.java:567)
... 32 more
Caused by: java.util.concurrent.ExecutionException: java.util.concurrent.TimeoutException: Request timeout to 192.168.29.10/192.168.29.10:4444 after 180000 ms
at java.base/java.util.concurrent.CompletableFuture.reportGet(CompletableFuture.java:395)
at java.base/java.util.concurrent.CompletableFuture.get(CompletableFuture.java:2022)
at org.asynchttpclient.netty.NettyResponseFuture.get(NettyResponseFuture.java:206)
at org.openqa.selenium.remote.http.netty.NettyHttpHandler.makeCall(NettyHttpHandler.java:66)
... 45 more
Caused by: java.util.concurrent.TimeoutException: Request timeout to 192.168.29.10/192.168.29.10:4444 after 180000 ms
at org.asynchttpclient.netty.timeout.TimeoutTimerTask.expire(TimeoutTimerTask.java:43)
at org.asynchttpclient.netty.timeout.RequestTimeoutTimerTask.run(RequestTimeoutTimerTask.java:50)
at io.netty.util.HashedWheelTimer$HashedWheelTimeout.run(HashedWheelTimer.java:715)
at io.netty.util.concurrent.ImmediateExecutor.execute(ImmediateExecutor.java:34)
at io.netty.util.HashedWheelTimer$HashedWheelTimeout.expire(HashedWheelTimer.java:703)
at io.netty.util.HashedWheelTimer$HashedWheelBucket.expireTimeouts(HashedWheelTimer.java:790)
at io.netty.util.HashedWheelTimer$Worker.run(HashedWheelTimer.java:503)
at io.netty.util.concurrent.FastThreadLocalRunnable.run(FastThreadLocalRunnable.java:30)
at java.base/java.lang.Thread.run(Thread.java:834)
]]>
    </error>
  </testcase> <!-- amazon -->
  <system-out/>
</testsuite> <!-- sampleGrid.AmazonEdge -->
