<?xml version="1.0" encoding="UTF-8"?>
<!-- Generated by org.testng.reporters.JUnitReportReporter -->
<testsuite hostname="DESKTOP-SFAESM4" failures="0" tests="1" name="sampleGrid.RSAinFirefox" time="33.859" errors="0" timestamp="2022-04-19T11:56:21 IST" skipped="0">
  <testcase classname="sampleGrid.RSAinFirefox" name="RsA" time="33.859"/>
  <system-out/>
</testsuite> <!-- sampleGrid.RSAinFirefox -->
