<?xml version="1.0" encoding="UTF-8"?>
<!-- Generated by org.testng.reporters.JUnitReportReporter -->
<testsuite hostname="DESKTOP-SFAESM4" failures="0" tests="1" name="academy.base" time="0.046" errors="0" timestamp="2022-03-15T22:26:02 IST" skipped="0">
  <testcase classname="academy.base" name="initializingdriver" time="0.046"/>
  <system-out/>
</testsuite> <!-- academy.base -->
