<?xml version="1.0" encoding="UTF-8"?>
<!-- Generated by org.testng.reporters.JUnitReportReporter -->
<testsuite hostname="DESKTOP-SFAESM4" failures="0" tests="3" name="academy.Homepage" time="145.267" errors="0" timestamp="2022-03-16T23:19:58 IST" skipped="0">
  <testcase classname="academy.Homepage" name="basePageNavigation" time="65.471"/>
  <system-out/>
  <testcase classname="academy.Homepage" name="basePageNavigation" time="35.951"/>
  <system-out/>
  <testcase classname="academy.Homepage" name="basePageNavigation" time="43.845"/>
  <system-out/>
</testsuite> <!-- academy.Homepage -->
