<?xml version="1.0" encoding="UTF-8"?>
<!-- Generated by org.testng.reporters.JUnitReportReporter -->
<testsuite hostname="DESKTOP-SFAESM4" failures="0" tests="2" name="academy.Homepage" time="124.662" errors="0" timestamp="2022-03-18T17:15:59 IST" skipped="0">
  <testcase classname="academy.Homepage" name="basePageNavigation" time="19.889"/>
  <system-out/>
  <testcase classname="academy.Homepage" name="basePageNavigation" time="104.773"/>
  <system-out/>
</testsuite> <!-- academy.Homepage -->
