<?xml version="1.0" encoding="UTF-8"?>
<!-- Generated by org.testng.reporters.JUnitReportReporter -->
<testsuite hostname="DESKTOP-SFAESM4" failures="0" tests="1" name="academy.checknavigationbar" time="39.300" errors="0" timestamp="2022-03-18T16:57:05 IST" skipped="0">
  <testcase classname="academy.checknavigationbar" name="checknavbar" time="39.300"/>
  <system-out/>
</testsuite> <!-- academy.checknavigationbar -->
