<?xml version="1.0" encoding="UTF-8"?>
<!-- Generated by org.testng.reporters.JUnitReportReporter -->
<testsuite hostname="DESKTOP-SFAESM4" failures="0" tests="1" name="testcases.Loginpage" time="8.576" errors="0" timestamp="2022-03-15T16:35:28 IST" skipped="0">
  <testcase classname="testcases.Loginpage" name="Login" time="8.576"/>
  <system-out/>
</testsuite> <!-- testcases.Loginpage -->
