<?xml version="1.0" encoding="UTF-8"?>
<!-- Generated by org.testng.reporters.JUnitReportReporter -->
<testsuite hostname="DESKTOP-SFAESM4" failures="0" tests="1" name="academy.checknavigationbar" time="33.960" errors="0" timestamp="2022-04-06T13:47:55 IST" skipped="0">
  <testcase classname="academy.checknavigationbar" name="checknavbar" time="33.960"/>
  <system-out/>
</testsuite> <!-- academy.checknavigationbar -->
