<?xml version="1.0" encoding="UTF-8"?>
<!-- Generated by org.testng.reporters.JUnitReportReporter -->
<testsuite hostname="DESKTOP-SFAESM4" failures="0" tests="1" name="org.demo.project.learning.demo" time="0.019" errors="0" timestamp="2022-03-12T11:32:21 IST" skipped="0">
  <testcase classname="org.demo.project.learning.demo" name="add" time="0.019"/>
  <system-out/>
</testsuite> <!-- org.demo.project.learning.demo -->
