<?xml version="1.0" encoding="UTF-8"?>
<!-- Generated by org.testng.reporters.JUnitReportReporter -->
<testsuite hostname="DESKTOP-SFAESM4" failures="0" tests="1" name="org.demo.project.learning.DemoTest" time="0.027" errors="0" timestamp="2022-03-12T14:57:07 IST" skipped="0">
  <testcase classname="org.demo.project.learning.DemoTest" name="add" time="0.027"/>
  <system-out/>
</testsuite> <!-- org.demo.project.learning.DemoTest -->
