<?xml version="1.0" encoding="UTF-8"?>
<!-- Generated by org.testng.reporters.JUnitReportReporter -->
<testsuite hostname="DESKTOP-SFAESM4" failures="0" tests="1" name="academy.Forgetpassword" time="70.697" errors="0" timestamp="2022-03-19T20:35:17 IST" skipped="0">
  <testcase classname="academy.Forgetpassword" name="forgetpass" time="70.697"/>
  <system-out/>
</testsuite> <!-- academy.Forgetpassword -->
