<?xml version="1.0" encoding="UTF-8"?>
<!-- Generated by org.testng.reporters.JUnitReportReporter -->
<testsuite hostname="DESKTOP-SFAESM4" failures="0" tests="2" name="academy.Homepage" time="102.572" errors="0" timestamp="2022-03-19T20:35:17 IST" skipped="0">
  <testcase classname="academy.Homepage" name="basePageNavigation" time="71.703"/>
  <system-out/>
  <testcase classname="academy.Homepage" name="basePageNavigation" time="30.869"/>
  <system-out/>
</testsuite> <!-- academy.Homepage -->
