<?xml version="1.0" encoding="UTF-8"?>
<!-- Generated by org.testng.reporters.JUnitReportReporter -->
<testsuite hostname="DESKTOP-SFAESM4" failures="0" tests="1" name="academy.checknavigationbar" time="61.097" errors="0" timestamp="2022-03-19T20:35:17 IST" skipped="0">
  <testcase classname="academy.checknavigationbar" name="checknavbar" time="61.097"/>
  <system-out/>
</testsuite> <!-- academy.checknavigationbar -->
