<?xml version="1.0" encoding="UTF-8"?>
<!-- Generated by org.testng.reporters.JUnitReportReporter -->
<testsuite hostname="DESKTOP-SFAESM4" failures="0" tests="5" name="test.Day3" time="0.015" errors="0" timestamp="2022-03-28T16:56:01 IST" skipped="0">
  <testcase classname="test.Day3" name="Mobilesign" time="0.004"/>
  <system-out/>
  <testcase classname="test.Day3" name="Mobilelogout" time="0.005"/>
  <system-out/>
  <testcase classname="test.Day3" name="Mobilecarloanlogin" time="0.002"/>
  <system-out/>
  <testcase classname="test.Day3" name="Webcarloanlogin" time="0.002"/>
  <system-out/>
  <testcase classname="test.Day3" name="CarloanlogininAPI" time="0.002"/>
  <system-out/>
</testsuite> <!-- test.Day3 -->
