<?xml version="1.0" encoding="UTF-8"?>
<!-- Generated by org.testng.reporters.JUnitReportReporter -->
<testsuite hostname="DESKTOP-SFAESM4" failures="0" tests="2" name="Day1" time="0.018" errors="0" timestamp="2022-03-10T11:55:56 IST" skipped="0">
  <testcase classname="Day1" name="Demo" time="0.016"/>
  <system-out/>
  <testcase classname="Day1" name="Demo1" time="0.002"/>
  <system-out/>
</testsuite> <!-- Day1 -->
