<?xml version="1.0" encoding="UTF-8"?>
<!-- Generated by org.testng.reporters.JUnitReportReporter -->
<testsuite hostname="DESKTOP-SFAESM4" failures="0" tests="2" name="test.Day4" time="0.022" errors="0" timestamp="2022-03-30T19:15:17 IST" skipped="0">
  <testcase classname="test.Day4" name="MobileHomeloanlogin" time="0.003"/>
  <system-out/>
  <testcase classname="test.Day4" name="HomeloanlogininAPI" time="0.019"/>
  <system-out/>
</testsuite> <!-- test.Day4 -->
