<?xml version="1.0" encoding="UTF-8"?>
<!-- Generated by org.testng.reporters.JUnitReportReporter -->
<testsuite hostname="DESKTOP-SFAESM4" failures="0" tests="2" name="test.Day1" time="0.004" errors="0" timestamp="2022-03-28T16:56:01 IST" skipped="0">
  <testcase classname="test.Day1" name="Demo1" time="0.002"/>
  <system-out/>
  <testcase classname="test.Day1" name="Demo" time="0.002"/>
  <system-out/>
</testsuite> <!-- test.Day1 -->
