<?xml version="1.0" encoding="UTF-8"?>
<!-- Generated by org.testng.reporters.JUnitReportReporter -->
<testsuite hostname="DESKTOP-SFAESM4" failures="0" tests="2" name="test.Testdemo1" time="0.006" errors="0" timestamp="2022-03-28T16:56:01 IST" skipped="0">
  <testcase classname="test.Testdemo1" name="testcasedemo" time="0.002"/>
  <system-out/>
  <testcase classname="test.Testdemo1" name="demo1" time="0.004"/>
  <system-out/>
</testsuite> <!-- test.Testdemo1 -->
