<?xml version="1.0" encoding="UTF-8"?>
<!-- Generated by org.testng.reporters.JUnitReportReporter -->
<testsuite hostname="DESKTOP-SFAESM4" failures="0" tests="4" name="org.demo.project.learning.Sample1Test" time="16.477" errors="0" timestamp="2022-03-12T16:52:18 IST" skipped="0">
  <testcase classname="org.demo.project.learning.Sample1Test" name="login" time="16.474"/>
  <system-out/>
  <testcase classname="org.demo.project.learning.Sample1Test" name="password" time="0.001"/>
  <system-out/>
  <testcase classname="org.demo.project.learning.Sample1Test" name="signUp" time="0.001"/>
  <system-out/>
  <testcase classname="org.demo.project.learning.Sample1Test" name="username" time="0.001"/>
  <system-out/>
</testsuite> <!-- org.demo.project.learning.Sample1Test -->
