<?xml version="1.0" encoding="UTF-8"?>
<!-- Generated by org.testng.reporters.JUnitReportReporter -->
<testsuite hostname="DESKTOP-SFAESM4" failures="0" tests="1" name="practice.Day2" time="0.003" errors="0" timestamp="2022-03-11T16:27:20 IST" skipped="0">
  <testcase classname="practice.Day2" name="demo1" time="0.003"/>
  <system-out/>
</testsuite> <!-- practice.Day2 -->
