<?xml version="1.0" encoding="UTF-8"?>
<!-- Generated by org.testng.reporters.JUnitReportReporter -->
<testsuite hostname="DESKTOP-SFAESM4" failures="0" tests="3" name="practice.Day3" time="0.010" errors="0" timestamp="2022-03-12T14:56:34 IST" skipped="0">
  <testcase classname="practice.Day3" name="Homeloanweblogin" time="0.003"/>
  <system-out/>
  <testcase classname="practice.Day3" name="HomeloanAPIlogin" time="0.003"/>
  <system-out/>
  <testcase classname="practice.Day3" name="Homeloanmobilelogin" time="0.004"/>
  <system-out/>
</testsuite> <!-- practice.Day3 -->
