<?xml version="1.0" encoding="UTF-8"?>
<!-- Generated by org.testng.reporters.JUnitReportReporter -->
<testsuite hostname="DESKTOP-SFAESM4" failures="0" tests="1" name="practice.day1" time="0.012" errors="0" timestamp="2022-03-12T14:56:34 IST" skipped="0">
  <testcase classname="practice.day1" name="demo" time="0.012"/>
  <system-out/>
</testsuite> <!-- practice.day1 -->
