<?xml version="1.0" encoding="UTF-8"?>
<!-- Generated by org.testng.reporters.JUnitReportReporter -->
<testsuite hostname="DESKTOP-SFAESM4" failures="0" tests="1" name="practice.Day4" time="0.005" errors="0" timestamp="2022-03-12T14:56:34 IST" skipped="0">
  <testcase classname="practice.Day4" name="CarloanAPIlogin" time="0.005"/>
  <system-out/>
</testsuite> <!-- practice.Day4 -->
