<?xml version="1.0" encoding="UTF-8"?>
<!-- Generated by org.testng.reporters.JUnitReportReporter -->
<testsuite hostname="DESKTOP-SFAESM4" failures="0" tests="1" name="ExtentReports.ExtentReports.ExtentreportsDemo" time="11.159" errors="0" timestamp="2022-03-13T10:38:44 IST" skipped="0">
  <testcase classname="ExtentReports.ExtentReports.ExtentreportsDemo" name="initialDemo" time="11.159"/>
  <system-out/>
</testsuite> <!-- ExtentReports.ExtentReports.ExtentreportsDemo -->
