<?xml version="1.0" encoding="UTF-8"?>
<!-- Generated by org.testng.reporters.JUnitReportReporter -->
<testsuite hostname="DESKTOP-SFAESM4" failures="0" tests="2" name="com.mystore.testcases.HomePageTest" time="41.707" errors="0" timestamp="2022-04-18T14:53:11 IST" skipped="0">
  <testcase classname="com.mystore.testcases.HomePageTest" name="orderHistoryTest" time="21.846"/>
  <system-out/>
  <testcase classname="com.mystore.testcases.HomePageTest" name="whisListTest" time="19.861"/>
  <system-out/>
</testsuite> <!-- com.mystore.testcases.HomePageTest -->
