<?xml version="1.0" encoding="UTF-8"?>
<!-- Generated by org.testng.reporters.JUnitReportReporter -->
<testsuite hostname="DESKTOP-SFAESM4" failures="0" tests="1" name="com.mystore.testcases.SearchResultPageTest" time="14.824" errors="0" timestamp="2022-04-18T14:53:11 IST" skipped="0">
  <testcase classname="com.mystore.testcases.SearchResultPageTest" name="productAvability" time="14.824"/>
  <system-out/>
</testsuite> <!-- com.mystore.testcases.SearchResultPageTest -->
