<?xml version="1.0" encoding="UTF-8"?>
<!-- Generated by org.testng.reporters.JUnitReportReporter -->
<testsuite hostname="DESKTOP-SFAESM4" failures="0" tests="1" name="com.mystore.testcases.OrderPageTest" time="25.700" errors="0" timestamp="2022-04-18T14:53:11 IST" skipped="0">
  <testcase classname="com.mystore.testcases.OrderPageTest" name="validatePrice" time="25.700"/>
  <system-out/>
</testsuite> <!-- com.mystore.testcases.OrderPageTest -->
